ant -f /home/sebaxtian/Workspace/Netbeans/KDD/ETLMIO -Dnb.internal.action.name=run run
init:
deps-jar:
Created dir: /home/sebaxtian/Workspace/Netbeans/KDD/ETLMIO/build
Updating property file: /home/sebaxtian/Workspace/Netbeans/KDD/ETLMIO/build/built-jar.properties
Created dir: /home/sebaxtian/Workspace/Netbeans/KDD/ETLMIO/build/classes
Created dir: /home/sebaxtian/Workspace/Netbeans/KDD/ETLMIO/build/empty
Created dir: /home/sebaxtian/Workspace/Netbeans/KDD/ETLMIO/build/generated-sources/ap-source-output
Compiling 5 source files to /home/sebaxtian/Workspace/Netbeans/KDD/ETLMIO/build/classes
compile:
run:
Inicia Proceso ETL 06/19/2016 13:30:47
Inicia carga de coneccion con base de datos mysql
Exito al carga coneccion con base de datos MySQL
Numero de Archivos Excel Para Procesar: 4
Obtiene Archivo Excel: 140608.xlsx
Abre Libro Excel: 140608.xlsx
Numero de Archivos Excel por Procesar: 4
Obtiene Archivo Excel: 140203.xlsx
Abre Libro Excel: 140203.xlsx
Numero de Archivos Excel por Procesar: 3
Termina Proceso ETL 06/19/2016 13:37:40
BUILD SUCCESSFUL (total time: 6 minutes 54 seconds)
