ant -f /home/sebaxtian/Workspace/Netbeans/KDD/ETLMIO -Dnb.internal.action.name=run run
init:
deps-jar:
Created dir: /home/sebaxtian/Workspace/Netbeans/KDD/ETLMIO/build
Updating property file: /home/sebaxtian/Workspace/Netbeans/KDD/ETLMIO/build/built-jar.properties
Created dir: /home/sebaxtian/Workspace/Netbeans/KDD/ETLMIO/build/classes
Created dir: /home/sebaxtian/Workspace/Netbeans/KDD/ETLMIO/build/empty
Created dir: /home/sebaxtian/Workspace/Netbeans/KDD/ETLMIO/build/generated-sources/ap-source-output
Compiling 5 source files to /home/sebaxtian/Workspace/Netbeans/KDD/ETLMIO/build/classes
compile:
run:
Inicia Proceso ETL 06/19/2016 14:20:38
Inicia carga de coneccion con base de datos mysql
Exito al carga coneccion con base de datos MySQL
Numero de Archivos Excel Para Procesar: 1
Obtiene Archivo Excel: 141106.xlsx
Abre Libro Excel: 141106.xlsx
Numero de Archivos Excel por Procesar: 1
Termina Proceso ETL 06/19/2016 14:24:32
BUILD SUCCESSFUL (total time: 3 minutes 54 seconds)
